<?xml version="1.0" encoding="UTF-8"?>
<!-- Generated by org.testng.reporters.JUnitReportReporter -->
<testsuite skipped="0" hostname="Mohammed_Azgher" name="runner.TestRunner" tests="1" failures="0" timestamp="15 Dec 2020 13:29:12 GMT" time="9.849" errors="0">
  <testcase name="runScenario" time="9.849" classname="runner.TestRunner"/>
</testsuite> <!-- runner.TestRunner -->
